<?xml version="1.0" encoding="UTF-8"?>
<!-- Generated by org.testng.reporters.JUnitReportReporter -->
<testsuite hostname="DESKTOP-BVH2PQN" failures="0" tests="1" name="com.api.tests.LoginApi3" time="5.180" errors="0" timestamp="2025-02-28T15:36:47 IST" skipped="0">
  <testcase classname="com.api.tests.LoginApi3" name="loginTest" time="5.180"/>
</testsuite> <!-- com.api.tests.LoginApi3 -->
