<?xml version="1.0" encoding="UTF-8"?>
<!-- Generated by org.testng.reporters.JUnitReportReporter -->
<testsuite hostname="DESKTOP-BVH2PQN" failures="0" tests="1" name="com.api.tests.LoginApiTest" time="6.531" errors="0" timestamp="2025-05-16T15:42:48 IST" skipped="0">
  <testcase classname="com.api.tests.LoginApiTest" name="loginTest" time="6.531"/>
</testsuite> <!-- com.api.tests.LoginApiTest -->
