<?xml version="1.0" encoding="UTF-8"?>
<!-- Generated by org.testng.reporters.JUnitReportReporter -->
<testsuite hostname="DESKTOP-BVH2PQN" failures="0" tests="1" name="com.api.tests.LoginApi" time="5.037" errors="0" timestamp="2025-02-27T20:50:41 IST" skipped="0">
  <testcase classname="com.api.tests.LoginApi" name="loginTest" time="5.037"/>
</testsuite> <!-- com.api.tests.LoginApi -->
